::1 - - [24/Dec/2020:19:51:16 +0000] "GET / HTTP/1.1" 200 635 "-" "Mozilla/5.0 (Macintosh; Intel Mac OS X 10_15_6) AppleWebKit/537.36 (KHTML, like Gecko) Chrome/87.0.4280.101 Safari/537.36"
::1 - - [24/Dec/2020:19:51:18 +0000] "GET /public/favicon.ico HTTP/1.1" 404 3801 "http://localhost/" "Mozilla/5.0 (Macintosh; Intel Mac OS X 10_15_6) AppleWebKit/537.36 (KHTML, like Gecko) Chrome/87.0.4280.101 Safari/537.36"
::1 - - [24/Dec/2020:19:51:20 +0000] "GET /css/math//template.css HTTP/1.1" 404 3801 "http://localhost/math/2d-distance-formula" "Mozilla/5.0 (Macintosh; Intel Mac OS X 10_15_6) AppleWebKit/537.36 (KHTML, like Gecko) Chrome/87.0.4280.101 Safari/537.36"
::1 - - [24/Dec/2020:19:53:08 +0000] "GET /css//2d-distance-formula.css HTTP/1.1" 404 3801 "http://localhost/math/2d-distance-formula" "Mozilla/5.0 (Macintosh; Intel Mac OS X 10_15_6) AppleWebKit/537.36 (KHTML, like Gecko) Chrome/87.0.4280.101 Safari/537.36"
::1 - - [24/Dec/2020:19:53:13 +0000] "GET /css//2d-distance-formula.css HTTP/1.1" 404 3801 "http://localhost/math/2d-distance-formula" "Mozilla/5.0 (Macintosh; Intel Mac OS X 10_15_6) AppleWebKit/537.36 (KHTML, like Gecko) Chrome/87.0.4280.101 Safari/537.36"
::1 - - [24/Dec/2020:19:54:15 +0000] "GET /css/2d-distance-formula.css HTTP/1.1" 404 3801 "http://localhost/math/2d-distance-formula" "Mozilla/5.0 (Macintosh; Intel Mac OS X 10_15_6) AppleWebKit/537.36 (KHTML, like Gecko) Chrome/87.0.4280.101 Safari/537.36"
::1 - - [24/Dec/2020:19:54:17 +0000] "GET /css/2d-distance-formula.css HTTP/1.1" 404 3801 "http://localhost/math/2d-distance-formula" "Mozilla/5.0 (Macintosh; Intel Mac OS X 10_15_6) AppleWebKit/537.36 (KHTML, like Gecko) Chrome/87.0.4280.101 Safari/537.36"
::1 - - [24/Dec/2020:19:57:35 +0000] "GET /css//template.css HTTP/1.1" 404 3801 "http://localhost/math/2d-distance-formula" "Mozilla/5.0 (Macintosh; Intel Mac OS X 10_15_6) AppleWebKit/537.36 (KHTML, like Gecko) Chrome/87.0.4280.101 Safari/537.36"
::1 - - [24/Dec/2020:19:57:35 +0000] "GET /css//2d-distance-formula.css HTTP/1.1" 404 3801 "http://localhost/math/2d-distance-formula" "Mozilla/5.0 (Macintosh; Intel Mac OS X 10_15_6) AppleWebKit/537.36 (KHTML, like Gecko) Chrome/87.0.4280.101 Safari/537.36"
::1 - - [24/Dec/2020:19:57:51 +0000] "GET /css/2d-distance-formula.css HTTP/1.1" 404 3801 "http://localhost/math/2d-distance-formula" "Mozilla/5.0 (Macintosh; Intel Mac OS X 10_15_6) AppleWebKit/537.36 (KHTML, like Gecko) Chrome/87.0.4280.101 Safari/537.36"
::1 - - [24/Dec/2020:19:57:51 +0000] "GET /css/template.css HTTP/1.1" 404 3801 "http://localhost/math/2d-distance-formula" "Mozilla/5.0 (Macintosh; Intel Mac OS X 10_15_6) AppleWebKit/537.36 (KHTML, like Gecko) Chrome/87.0.4280.101 Safari/537.36"
::1 - - [24/Dec/2020:19:57:52 +0000] "GET /css/template.css HTTP/1.1" 404 3801 "http://localhost/math/2d-distance-formula" "Mozilla/5.0 (Macintosh; Intel Mac OS X 10_15_6) AppleWebKit/537.36 (KHTML, like Gecko) Chrome/87.0.4280.101 Safari/537.36"
::1 - - [24/Dec/2020:19:57:52 +0000] "GET /css/2d-distance-formula.css HTTP/1.1" 404 3801 "http://localhost/math/2d-distance-formula" "Mozilla/5.0 (Macintosh; Intel Mac OS X 10_15_6) AppleWebKit/537.36 (KHTML, like Gecko) Chrome/87.0.4280.101 Safari/537.36"
::1 - - [26/Dec/2020:19:04:37 +0000] "GET / HTTP/1.1" 500 200 "-" "Mozilla/5.0 (Macintosh; Intel Mac OS X 10_15_6) AppleWebKit/537.36 (KHTML, like Gecko) Chrome/87.0.4280.101 Safari/537.36"
::1 - - [26/Dec/2020:19:04:47 +0000] "GET / HTTP/1.1" 500 201 "-" "Mozilla/5.0 (Macintosh; Intel Mac OS X 10_15_6) AppleWebKit/537.36 (KHTML, like Gecko) Chrome/87.0.4280.101 Safari/537.36"
::1 - - [26/Dec/2020:19:04:48 +0000] "GET / HTTP/1.1" 500 201 "-" "Mozilla/5.0 (Macintosh; Intel Mac OS X 10_15_6) AppleWebKit/537.36 (KHTML, like Gecko) Chrome/87.0.4280.101 Safari/537.36"
::1 - - [26/Dec/2020:19:05:00 +0000] "GET / HTTP/1.1" 500 201 "-" "Mozilla/5.0 (Macintosh; Intel Mac OS X 10_15_6) AppleWebKit/537.36 (KHTML, like Gecko) Chrome/87.0.4280.101 Safari/537.36"
::1 - - [26/Dec/2020:19:05:01 +0000] "GET / HTTP/1.1" 500 201 "-" "Mozilla/5.0 (Macintosh; Intel Mac OS X 10_15_6) AppleWebKit/537.36 (KHTML, like Gecko) Chrome/87.0.4280.101 Safari/537.36"
::1 - - [26/Dec/2020:19:05:11 +0000] "GET / HTTP/1.1" 500 269 "-" "Mozilla/5.0 (Macintosh; Intel Mac OS X 10_15_6) AppleWebKit/537.36 (KHTML, like Gecko) Chrome/87.0.4280.101 Safari/537.36"
::1 - - [26/Dec/2020:19:05:26 +0000] "GET / HTTP/1.1" 200 4743 "-" "Mozilla/5.0 (Macintosh; Intel Mac OS X 10_15_6) AppleWebKit/537.36 (KHTML, like Gecko) Chrome/87.0.4280.101 Safari/537.36"
::1 - - [26/Dec/2020:19:05:26 +0000] "GET /js/home/home.js HTTP/1.1" 404 3801 "http://localhost/" "Mozilla/5.0 (Macintosh; Intel Mac OS X 10_15_6) AppleWebKit/537.36 (KHTML, like Gecko) Chrome/87.0.4280.101 Safari/537.36"
::1 - - [26/Dec/2020:19:05:26 +0000] "GET /js/home/home.js HTTP/1.1" 404 3801 "http://localhost/" "Mozilla/5.0 (Macintosh; Intel Mac OS X 10_15_6) AppleWebKit/537.36 (KHTML, like Gecko) Chrome/87.0.4280.101 Safari/537.36"
::1 - - [26/Dec/2020:19:08:17 +0000] "GET / HTTP/1.1" 304 - "-" "Mozilla/5.0 (Macintosh; Intel Mac OS X 10_15_6) AppleWebKit/537.36 (KHTML, like Gecko) Chrome/87.0.4280.101 Safari/537.36"
::1 - - [26/Dec/2020:19:08:17 +0000] "GET /js/home/home.js HTTP/1.1" 404 3801 "http://localhost/" "Mozilla/5.0 (Macintosh; Intel Mac OS X 10_15_6) AppleWebKit/537.36 (KHTML, like Gecko) Chrome/87.0.4280.101 Safari/537.36"
::1 - - [26/Dec/2020:19:08:17 +0000] "GET /js/home/home.js HTTP/1.1" 404 3801 "http://localhost/" "Mozilla/5.0 (Macintosh; Intel Mac OS X 10_15_6) AppleWebKit/537.36 (KHTML, like Gecko) Chrome/87.0.4280.101 Safari/537.36"
::1 - - [26/Dec/2020:19:08:19 +0000] "GET / HTTP/1.1" 304 - "-" "Mozilla/5.0 (Macintosh; Intel Mac OS X 10_15_6) AppleWebKit/537.36 (KHTML, like Gecko) Chrome/87.0.4280.101 Safari/537.36"
::1 - - [26/Dec/2020:19:08:19 +0000] "GET /js/home/home.js HTTP/1.1" 404 3801 "http://localhost/" "Mozilla/5.0 (Macintosh; Intel Mac OS X 10_15_6) AppleWebKit/537.36 (KHTML, like Gecko) Chrome/87.0.4280.101 Safari/537.36"
::1 - - [26/Dec/2020:19:08:19 +0000] "GET /js/home/home.js HTTP/1.1" 404 3801 "http://localhost/" "Mozilla/5.0 (Macintosh; Intel Mac OS X 10_15_6) AppleWebKit/537.36 (KHTML, like Gecko) Chrome/87.0.4280.101 Safari/537.36"
::1 - - [26/Dec/2020:19:08:34 +0000] "GET / HTTP/1.1" 304 - "-" "Mozilla/5.0 (Macintosh; Intel Mac OS X 10_15_6) AppleWebKit/537.36 (KHTML, like Gecko) Chrome/87.0.4280.101 Safari/537.36"
::1 - - [26/Dec/2020:19:08:35 +0000] "GET /js/home/home.js HTTP/1.1" 404 3801 "http://localhost/" "Mozilla/5.0 (Macintosh; Intel Mac OS X 10_15_6) AppleWebKit/537.36 (KHTML, like Gecko) Chrome/87.0.4280.101 Safari/537.36"
::1 - - [26/Dec/2020:19:08:35 +0000] "GET /js/home/home.js HTTP/1.1" 404 3801 "http://localhost/" "Mozilla/5.0 (Macintosh; Intel Mac OS X 10_15_6) AppleWebKit/537.36 (KHTML, like Gecko) Chrome/87.0.4280.101 Safari/537.36"
::1 - - [26/Dec/2020:19:08:44 +0000] "GET / HTTP/1.1" 304 - "-" "Mozilla/5.0 (Macintosh; Intel Mac OS X 10_15_6) AppleWebKit/537.36 (KHTML, like Gecko) Chrome/87.0.4280.101 Safari/537.36"
::1 - - [26/Dec/2020:19:08:44 +0000] "GET /js/home/home.js HTTP/1.1" 404 3801 "http://localhost/" "Mozilla/5.0 (Macintosh; Intel Mac OS X 10_15_6) AppleWebKit/537.36 (KHTML, like Gecko) Chrome/87.0.4280.101 Safari/537.36"
::1 - - [26/Dec/2020:19:08:50 +0000] "GET /favicon.ico HTTP/1.1" 404 3801 "http://localhost/" "Mozilla/5.0 (Macintosh; Intel Mac OS X 10_15_6) AppleWebKit/537.36 (KHTML, like Gecko) Chrome/87.0.4280.101 Safari/537.36"
::1 - - [26/Dec/2020:19:09:33 +0000] "GET / HTTP/1.1" 304 - "-" "Mozilla/5.0 (Macintosh; Intel Mac OS X 10_15_6) AppleWebKit/537.36 (KHTML, like Gecko) Chrome/87.0.4280.101 Safari/537.36"
::1 - - [26/Dec/2020:19:09:33 +0000] "GET /js/home/home.js HTTP/1.1" 404 3801 "http://localhost/" "Mozilla/5.0 (Macintosh; Intel Mac OS X 10_15_6) AppleWebKit/537.36 (KHTML, like Gecko) Chrome/87.0.4280.101 Safari/537.36"
::1 - - [26/Dec/2020:19:09:33 +0000] "GET /js/home/home.js HTTP/1.1" 404 3801 "http://localhost/" "Mozilla/5.0 (Macintosh; Intel Mac OS X 10_15_6) AppleWebKit/537.36 (KHTML, like Gecko) Chrome/87.0.4280.101 Safari/537.36"
::1 - - [26/Dec/2020:19:09:34 +0000] "GET / HTTP/1.1" 304 - "-" "Mozilla/5.0 (Macintosh; Intel Mac OS X 10_15_6) AppleWebKit/537.36 (KHTML, like Gecko) Chrome/87.0.4280.101 Safari/537.36"
::1 - - [26/Dec/2020:19:09:34 +0000] "GET /js/home/home.js HTTP/1.1" 404 3801 "http://localhost/" "Mozilla/5.0 (Macintosh; Intel Mac OS X 10_15_6) AppleWebKit/537.36 (KHTML, like Gecko) Chrome/87.0.4280.101 Safari/537.36"
::1 - - [26/Dec/2020:19:09:59 +0000] "GET / HTTP/1.1" 200 4743 "-" "Mozilla/5.0 (Macintosh; Intel Mac OS X 10_15_6) AppleWebKit/537.36 (KHTML, like Gecko) Chrome/87.0.4280.101 Safari/537.36"
::1 - - [26/Dec/2020:19:09:59 +0000] "GET /js/home/home.js HTTP/1.1" 404 3801 "http://localhost/" "Mozilla/5.0 (Macintosh; Intel Mac OS X 10_15_6) AppleWebKit/537.36 (KHTML, like Gecko) Chrome/87.0.4280.101 Safari/537.36"
::1 - - [26/Dec/2020:19:10:00 +0000] "GET /js/home/home.js HTTP/1.1" 404 3801 "http://localhost/" "Mozilla/5.0 (Macintosh; Intel Mac OS X 10_15_6) AppleWebKit/537.36 (KHTML, like Gecko) Chrome/87.0.4280.101 Safari/537.36"
::1 - - [26/Dec/2020:19:11:19 +0000] "GET / HTTP/1.1" 304 - "-" "Mozilla/5.0 (Macintosh; Intel Mac OS X 10_15_6) AppleWebKit/537.36 (KHTML, like Gecko) Chrome/87.0.4280.101 Safari/537.36"
::1 - - [26/Dec/2020:19:11:19 +0000] "GET /js/home/home.js HTTP/1.1" 404 3801 "http://localhost/" "Mozilla/5.0 (Macintosh; Intel Mac OS X 10_15_6) AppleWebKit/537.36 (KHTML, like Gecko) Chrome/87.0.4280.101 Safari/537.36"
::1 - - [26/Dec/2020:19:11:19 +0000] "GET /js/home/home.js HTTP/1.1" 404 3801 "http://localhost/" "Mozilla/5.0 (Macintosh; Intel Mac OS X 10_15_6) AppleWebKit/537.36 (KHTML, like Gecko) Chrome/87.0.4280.101 Safari/537.36"
::1 - - [26/Dec/2020:19:11:46 +0000] "GET / HTTP/1.1" 200 4777 "-" "Mozilla/5.0 (Macintosh; Intel Mac OS X 10_15_6) AppleWebKit/537.36 (KHTML, like Gecko) Chrome/87.0.4280.101 Safari/537.36"
::1 - - [26/Dec/2020:19:11:46 +0000] "GET /js/home/home.js HTTP/1.1" 404 3801 "http://localhost/" "Mozilla/5.0 (Macintosh; Intel Mac OS X 10_15_6) AppleWebKit/537.36 (KHTML, like Gecko) Chrome/87.0.4280.101 Safari/537.36"
::1 - - [26/Dec/2020:19:11:46 +0000] "GET /js/home/home.js HTTP/1.1" 404 3801 "http://localhost/" "Mozilla/5.0 (Macintosh; Intel Mac OS X 10_15_6) AppleWebKit/537.36 (KHTML, like Gecko) Chrome/87.0.4280.101 Safari/537.36"
::1 - - [26/Dec/2020:19:11:46 +0000] "GET / HTTP/1.1" 304 - "-" "Mozilla/5.0 (Macintosh; Intel Mac OS X 10_15_6) AppleWebKit/537.36 (KHTML, like Gecko) Chrome/87.0.4280.101 Safari/537.36"
::1 - - [26/Dec/2020:19:11:46 +0000] "GET /js/home/home.js HTTP/1.1" 404 3801 "http://localhost/" "Mozilla/5.0 (Macintosh; Intel Mac OS X 10_15_6) AppleWebKit/537.36 (KHTML, like Gecko) Chrome/87.0.4280.101 Safari/537.36"
::1 - - [26/Dec/2020:19:11:46 +0000] "GET /js/home/home.js HTTP/1.1" 404 3801 "http://localhost/" "Mozilla/5.0 (Macintosh; Intel Mac OS X 10_15_6) AppleWebKit/537.36 (KHTML, like Gecko) Chrome/87.0.4280.101 Safari/537.36"
::1 - - [26/Dec/2020:19:11:56 +0000] "GET / HTTP/1.1" 304 - "-" "Mozilla/5.0 (Macintosh; Intel Mac OS X 10_15_6) AppleWebKit/537.36 (KHTML, like Gecko) Chrome/87.0.4280.101 Safari/537.36"
::1 - - [26/Dec/2020:19:11:56 +0000] "GET /js/home/home.js HTTP/1.1" 404 3801 "http://localhost/" "Mozilla/5.0 (Macintosh; Intel Mac OS X 10_15_6) AppleWebKit/537.36 (KHTML, like Gecko) Chrome/87.0.4280.101 Safari/537.36"
::1 - - [26/Dec/2020:19:11:56 +0000] "GET /js/home/home.js HTTP/1.1" 404 3801 "http://localhost/" "Mozilla/5.0 (Macintosh; Intel Mac OS X 10_15_6) AppleWebKit/537.36 (KHTML, like Gecko) Chrome/87.0.4280.101 Safari/537.36"
::1 - - [26/Dec/2020:19:13:05 +0000] "GET / HTTP/1.1" 304 - "-" "Mozilla/5.0 (Macintosh; Intel Mac OS X 10_15_6) AppleWebKit/537.36 (KHTML, like Gecko) Chrome/87.0.4280.101 Safari/537.36"
::1 - - [26/Dec/2020:19:13:05 +0000] "GET /js/home/home.js HTTP/1.1" 404 3801 "http://localhost/" "Mozilla/5.0 (Macintosh; Intel Mac OS X 10_15_6) AppleWebKit/537.36 (KHTML, like Gecko) Chrome/87.0.4280.101 Safari/537.36"
::1 - - [26/Dec/2020:19:13:05 +0000] "GET /js/home/home.js HTTP/1.1" 404 3801 "http://localhost/" "Mozilla/5.0 (Macintosh; Intel Mac OS X 10_15_6) AppleWebKit/537.36 (KHTML, like Gecko) Chrome/87.0.4280.101 Safari/537.36"
::1 - - [26/Dec/2020:19:13:10 +0000] "GET / HTTP/1.1" 304 - "-" "Mozilla/5.0 (Macintosh; Intel Mac OS X 10_15_6) AppleWebKit/537.36 (KHTML, like Gecko) Chrome/87.0.4280.101 Safari/537.36"
::1 - - [26/Dec/2020:19:13:10 +0000] "GET /js/home/home.js HTTP/1.1" 404 3801 "http://localhost/" "Mozilla/5.0 (Macintosh; Intel Mac OS X 10_15_6) AppleWebKit/537.36 (KHTML, like Gecko) Chrome/87.0.4280.101 Safari/537.36"
::1 - - [26/Dec/2020:19:13:11 +0000] "GET / HTTP/1.1" 304 - "-" "Mozilla/5.0 (Macintosh; Intel Mac OS X 10_15_6) AppleWebKit/537.36 (KHTML, like Gecko) Chrome/87.0.4280.101 Safari/537.36"
::1 - - [26/Dec/2020:19:13:11 +0000] "GET /js/home/home.js HTTP/1.1" 404 3801 "http://localhost/" "Mozilla/5.0 (Macintosh; Intel Mac OS X 10_15_6) AppleWebKit/537.36 (KHTML, like Gecko) Chrome/87.0.4280.101 Safari/537.36"
::1 - - [26/Dec/2020:19:13:11 +0000] "GET /js/home/home.js HTTP/1.1" 404 3801 "http://localhost/" "Mozilla/5.0 (Macintosh; Intel Mac OS X 10_15_6) AppleWebKit/537.36 (KHTML, like Gecko) Chrome/87.0.4280.101 Safari/537.36"
::1 - - [26/Dec/2020:19:13:15 +0000] "GET / HTTP/1.1" 304 - "-" "Mozilla/5.0 (Macintosh; Intel Mac OS X 10_15_6) AppleWebKit/537.36 (KHTML, like Gecko) Chrome/87.0.4280.101 Safari/537.36"
::1 - - [26/Dec/2020:19:13:15 +0000] "GET /js/home/home.js HTTP/1.1" 404 3801 "http://localhost/" "Mozilla/5.0 (Macintosh; Intel Mac OS X 10_15_6) AppleWebKit/537.36 (KHTML, like Gecko) Chrome/87.0.4280.101 Safari/537.36"
::1 - - [26/Dec/2020:19:13:15 +0000] "GET /js/home/home.js HTTP/1.1" 404 3801 "http://localhost/" "Mozilla/5.0 (Macintosh; Intel Mac OS X 10_15_6) AppleWebKit/537.36 (KHTML, like Gecko) Chrome/87.0.4280.101 Safari/537.36"
::1 - - [26/Dec/2020:19:13:16 +0000] "GET / HTTP/1.1" 304 - "-" "Mozilla/5.0 (Macintosh; Intel Mac OS X 10_15_6) AppleWebKit/537.36 (KHTML, like Gecko) Chrome/87.0.4280.101 Safari/537.36"
::1 - - [26/Dec/2020:19:13:16 +0000] "GET /js/home/home.js HTTP/1.1" 404 3801 "http://localhost/" "Mozilla/5.0 (Macintosh; Intel Mac OS X 10_15_6) AppleWebKit/537.36 (KHTML, like Gecko) Chrome/87.0.4280.101 Safari/537.36"
::1 - - [26/Dec/2020:19:13:16 +0000] "GET /js/home/home.js HTTP/1.1" 404 3801 "http://localhost/" "Mozilla/5.0 (Macintosh; Intel Mac OS X 10_15_6) AppleWebKit/537.36 (KHTML, like Gecko) Chrome/87.0.4280.101 Safari/537.36"
::1 - - [26/Dec/2020:19:13:34 +0000] "GET / HTTP/1.1" 304 - "-" "Mozilla/5.0 (Macintosh; Intel Mac OS X 10_15_6) AppleWebKit/537.36 (KHTML, like Gecko) Chrome/87.0.4280.101 Safari/537.36"
::1 - - [26/Dec/2020:19:13:34 +0000] "GET /js/home/home.js HTTP/1.1" 404 3801 "http://localhost/" "Mozilla/5.0 (Macintosh; Intel Mac OS X 10_15_6) AppleWebKit/537.36 (KHTML, like Gecko) Chrome/87.0.4280.101 Safari/537.36"
::1 - - [26/Dec/2020:19:13:34 +0000] "GET /js/home/home.js HTTP/1.1" 404 3801 "http://localhost/" "Mozilla/5.0 (Macintosh; Intel Mac OS X 10_15_6) AppleWebKit/537.36 (KHTML, like Gecko) Chrome/87.0.4280.101 Safari/537.36"
::1 - - [26/Dec/2020:19:13:34 +0000] "GET / HTTP/1.1" 304 - "-" "Mozilla/5.0 (Macintosh; Intel Mac OS X 10_15_6) AppleWebKit/537.36 (KHTML, like Gecko) Chrome/87.0.4280.101 Safari/537.36"
::1 - - [26/Dec/2020:19:13:34 +0000] "GET /js/home/home.js HTTP/1.1" 404 3801 "http://localhost/" "Mozilla/5.0 (Macintosh; Intel Mac OS X 10_15_6) AppleWebKit/537.36 (KHTML, like Gecko) Chrome/87.0.4280.101 Safari/537.36"
::1 - - [26/Dec/2020:19:13:34 +0000] "GET /js/home/home.js HTTP/1.1" 404 3801 "http://localhost/" "Mozilla/5.0 (Macintosh; Intel Mac OS X 10_15_6) AppleWebKit/537.36 (KHTML, like Gecko) Chrome/87.0.4280.101 Safari/537.36"
::1 - - [26/Dec/2020:19:13:43 +0000] "GET / HTTP/1.1" 304 - "-" "Mozilla/5.0 (Macintosh; Intel Mac OS X 10_15_6) AppleWebKit/537.36 (KHTML, like Gecko) Chrome/87.0.4280.101 Safari/537.36"
::1 - - [26/Dec/2020:19:13:43 +0000] "GET /js/home/home.js HTTP/1.1" 404 3801 "http://localhost/" "Mozilla/5.0 (Macintosh; Intel Mac OS X 10_15_6) AppleWebKit/537.36 (KHTML, like Gecko) Chrome/87.0.4280.101 Safari/537.36"
::1 - - [26/Dec/2020:19:13:43 +0000] "GET /js/home/home.js HTTP/1.1" 404 3801 "http://localhost/" "Mozilla/5.0 (Macintosh; Intel Mac OS X 10_15_6) AppleWebKit/537.36 (KHTML, like Gecko) Chrome/87.0.4280.101 Safari/537.36"
::1 - - [26/Dec/2020:19:13:47 +0000] "GET / HTTP/1.1" 304 - "-" "Mozilla/5.0 (Macintosh; Intel Mac OS X 10_15_6) AppleWebKit/537.36 (KHTML, like Gecko) Chrome/87.0.4280.101 Safari/537.36"
::1 - - [26/Dec/2020:19:13:47 +0000] "GET /js/home/home.js HTTP/1.1" 404 3801 "http://localhost/" "Mozilla/5.0 (Macintosh; Intel Mac OS X 10_15_6) AppleWebKit/537.36 (KHTML, like Gecko) Chrome/87.0.4280.101 Safari/537.36"
::1 - - [26/Dec/2020:19:13:47 +0000] "GET /js/home/home.js HTTP/1.1" 404 3801 "http://localhost/" "Mozilla/5.0 (Macintosh; Intel Mac OS X 10_15_6) AppleWebKit/537.36 (KHTML, like Gecko) Chrome/87.0.4280.101 Safari/537.36"
::1 - - [26/Dec/2020:19:13:47 +0000] "GET / HTTP/1.1" 304 - "-" "Mozilla/5.0 (Macintosh; Intel Mac OS X 10_15_6) AppleWebKit/537.36 (KHTML, like Gecko) Chrome/87.0.4280.101 Safari/537.36"
::1 - - [26/Dec/2020:19:13:47 +0000] "GET /js/home/home.js HTTP/1.1" 404 3801 "http://localhost/" "Mozilla/5.0 (Macintosh; Intel Mac OS X 10_15_6) AppleWebKit/537.36 (KHTML, like Gecko) Chrome/87.0.4280.101 Safari/537.36"
::1 - - [26/Dec/2020:19:13:47 +0000] "GET /js/home/home.js HTTP/1.1" 404 3801 "http://localhost/" "Mozilla/5.0 (Macintosh; Intel Mac OS X 10_15_6) AppleWebKit/537.36 (KHTML, like Gecko) Chrome/87.0.4280.101 Safari/537.36"
::1 - - [26/Dec/2020:19:14:51 +0000] "GET / HTTP/1.1" 200 4778 "-" "Mozilla/5.0 (Macintosh; Intel Mac OS X 10_15_6) AppleWebKit/537.36 (KHTML, like Gecko) Chrome/87.0.4280.101 Safari/537.36"
::1 - - [26/Dec/2020:19:14:51 +0000] "GET /js/home/home.js HTTP/1.1" 404 3801 "http://localhost/" "Mozilla/5.0 (Macintosh; Intel Mac OS X 10_15_6) AppleWebKit/537.36 (KHTML, like Gecko) Chrome/87.0.4280.101 Safari/537.36"
::1 - - [26/Dec/2020:19:14:51 +0000] "GET /js/home/home.js HTTP/1.1" 404 3801 "http://localhost/" "Mozilla/5.0 (Macintosh; Intel Mac OS X 10_15_6) AppleWebKit/537.36 (KHTML, like Gecko) Chrome/87.0.4280.101 Safari/537.36"
::1 - - [26/Dec/2020:19:15:09 +0000] "GET / HTTP/1.1" 304 - "-" "Mozilla/5.0 (Macintosh; Intel Mac OS X 10_15_6) AppleWebKit/537.36 (KHTML, like Gecko) Chrome/87.0.4280.101 Safari/537.36"
::1 - - [26/Dec/2020:19:15:09 +0000] "GET /js/home/home.js HTTP/1.1" 404 3801 "http://localhost/" "Mozilla/5.0 (Macintosh; Intel Mac OS X 10_15_6) AppleWebKit/537.36 (KHTML, like Gecko) Chrome/87.0.4280.101 Safari/537.36"
::1 - - [26/Dec/2020:19:15:09 +0000] "GET /js/home/home.js HTTP/1.1" 404 3801 "http://localhost/" "Mozilla/5.0 (Macintosh; Intel Mac OS X 10_15_6) AppleWebKit/537.36 (KHTML, like Gecko) Chrome/87.0.4280.101 Safari/537.36"
::1 - - [26/Dec/2020:19:15:09 +0000] "GET / HTTP/1.1" 304 - "-" "Mozilla/5.0 (Macintosh; Intel Mac OS X 10_15_6) AppleWebKit/537.36 (KHTML, like Gecko) Chrome/87.0.4280.101 Safari/537.36"
::1 - - [26/Dec/2020:19:15:09 +0000] "GET /js/home/home.js HTTP/1.1" 404 3801 "http://localhost/" "Mozilla/5.0 (Macintosh; Intel Mac OS X 10_15_6) AppleWebKit/537.36 (KHTML, like Gecko) Chrome/87.0.4280.101 Safari/537.36"
::1 - - [26/Dec/2020:19:15:09 +0000] "GET /js/home/home.js HTTP/1.1" 404 3801 "http://localhost/" "Mozilla/5.0 (Macintosh; Intel Mac OS X 10_15_6) AppleWebKit/537.36 (KHTML, like Gecko) Chrome/87.0.4280.101 Safari/537.36"
::1 - - [26/Dec/2020:19:15:59 +0000] "GET / HTTP/1.1" 200 4809 "-" "Mozilla/5.0 (Macintosh; Intel Mac OS X 10_15_6) AppleWebKit/537.36 (KHTML, like Gecko) Chrome/87.0.4280.101 Safari/537.36"
::1 - - [26/Dec/2020:19:15:59 +0000] "GET /js/home/home.js HTTP/1.1" 404 3801 "http://localhost/" "Mozilla/5.0 (Macintosh; Intel Mac OS X 10_15_6) AppleWebKit/537.36 (KHTML, like Gecko) Chrome/87.0.4280.101 Safari/537.36"
::1 - - [26/Dec/2020:19:15:59 +0000] "GET /js/home/home.js HTTP/1.1" 404 3801 "http://localhost/" "Mozilla/5.0 (Macintosh; Intel Mac OS X 10_15_6) AppleWebKit/537.36 (KHTML, like Gecko) Chrome/87.0.4280.101 Safari/537.36"
::1 - - [26/Dec/2020:19:16:16 +0000] "GET / HTTP/1.1" 304 - "-" "Mozilla/5.0 (Macintosh; Intel Mac OS X 10_15_6) AppleWebKit/537.36 (KHTML, like Gecko) Chrome/87.0.4280.101 Safari/537.36"
::1 - - [26/Dec/2020:19:16:16 +0000] "GET /js/home/home.js HTTP/1.1" 404 3801 "http://localhost/" "Mozilla/5.0 (Macintosh; Intel Mac OS X 10_15_6) AppleWebKit/537.36 (KHTML, like Gecko) Chrome/87.0.4280.101 Safari/537.36"
::1 - - [26/Dec/2020:19:16:16 +0000] "GET /js/home/home.js HTTP/1.1" 404 3801 "http://localhost/" "Mozilla/5.0 (Macintosh; Intel Mac OS X 10_15_6) AppleWebKit/537.36 (KHTML, like Gecko) Chrome/87.0.4280.101 Safari/537.36"
::1 - - [26/Dec/2020:19:16:17 +0000] "GET / HTTP/1.1" 304 - "-" "Mozilla/5.0 (Macintosh; Intel Mac OS X 10_15_6) AppleWebKit/537.36 (KHTML, like Gecko) Chrome/87.0.4280.101 Safari/537.36"
::1 - - [26/Dec/2020:19:16:17 +0000] "GET /js/home/home.js HTTP/1.1" 404 3801 "http://localhost/" "Mozilla/5.0 (Macintosh; Intel Mac OS X 10_15_6) AppleWebKit/537.36 (KHTML, like Gecko) Chrome/87.0.4280.101 Safari/537.36"
::1 - - [26/Dec/2020:19:16:17 +0000] "GET /js/home/home.js HTTP/1.1" 404 3801 "http://localhost/" "Mozilla/5.0 (Macintosh; Intel Mac OS X 10_15_6) AppleWebKit/537.36 (KHTML, like Gecko) Chrome/87.0.4280.101 Safari/537.36"
::1 - - [26/Dec/2020:19:16:17 +0000] "GET / HTTP/1.1" 304 - "-" "Mozilla/5.0 (Macintosh; Intel Mac OS X 10_15_6) AppleWebKit/537.36 (KHTML, like Gecko) Chrome/87.0.4280.101 Safari/537.36"
::1 - - [26/Dec/2020:19:16:17 +0000] "GET /js/home/home.js HTTP/1.1" 404 3801 "http://localhost/" "Mozilla/5.0 (Macintosh; Intel Mac OS X 10_15_6) AppleWebKit/537.36 (KHTML, like Gecko) Chrome/87.0.4280.101 Safari/537.36"
::1 - - [26/Dec/2020:19:16:17 +0000] "GET /js/home/home.js HTTP/1.1" 404 3801 "http://localhost/" "Mozilla/5.0 (Macintosh; Intel Mac OS X 10_15_6) AppleWebKit/537.36 (KHTML, like Gecko) Chrome/87.0.4280.101 Safari/537.36"
::1 - - [26/Dec/2020:19:17:04 +0000] "GET / HTTP/1.1" 200 4847 "-" "Mozilla/5.0 (Macintosh; Intel Mac OS X 10_15_6) AppleWebKit/537.36 (KHTML, like Gecko) Chrome/87.0.4280.101 Safari/537.36"
::1 - - [26/Dec/2020:19:17:04 +0000] "GET /js/home/home.js HTTP/1.1" 404 3801 "http://localhost/" "Mozilla/5.0 (Macintosh; Intel Mac OS X 10_15_6) AppleWebKit/537.36 (KHTML, like Gecko) Chrome/87.0.4280.101 Safari/537.36"
::1 - - [26/Dec/2020:19:17:04 +0000] "GET /js/home/home.js HTTP/1.1" 404 3801 "http://localhost/" "Mozilla/5.0 (Macintosh; Intel Mac OS X 10_15_6) AppleWebKit/537.36 (KHTML, like Gecko) Chrome/87.0.4280.101 Safari/537.36"
::1 - - [26/Dec/2020:19:17:04 +0000] "GET / HTTP/1.1" 304 - "-" "Mozilla/5.0 (Macintosh; Intel Mac OS X 10_15_6) AppleWebKit/537.36 (KHTML, like Gecko) Chrome/87.0.4280.101 Safari/537.36"
::1 - - [26/Dec/2020:19:17:04 +0000] "GET /js/home/home.js HTTP/1.1" 404 3801 "http://localhost/" "Mozilla/5.0 (Macintosh; Intel Mac OS X 10_15_6) AppleWebKit/537.36 (KHTML, like Gecko) Chrome/87.0.4280.101 Safari/537.36"
::1 - - [26/Dec/2020:19:17:05 +0000] "GET /js/home/home.js HTTP/1.1" 404 3801 "http://localhost/" "Mozilla/5.0 (Macintosh; Intel Mac OS X 10_15_6) AppleWebKit/537.36 (KHTML, like Gecko) Chrome/87.0.4280.101 Safari/537.36"
::1 - - [26/Dec/2020:19:17:07 +0000] "GET / HTTP/1.1" 304 - "-" "Mozilla/5.0 (Macintosh; Intel Mac OS X 10_15_6) AppleWebKit/537.36 (KHTML, like Gecko) Chrome/87.0.4280.101 Safari/537.36"
::1 - - [26/Dec/2020:19:17:07 +0000] "GET /js/home/home.js HTTP/1.1" 404 3801 "http://localhost/" "Mozilla/5.0 (Macintosh; Intel Mac OS X 10_15_6) AppleWebKit/537.36 (KHTML, like Gecko) Chrome/87.0.4280.101 Safari/537.36"
::1 - - [26/Dec/2020:19:17:50 +0000] "GET / HTTP/1.1" 304 - "-" "Mozilla/5.0 (Macintosh; Intel Mac OS X 10_15_6) AppleWebKit/537.36 (KHTML, like Gecko) Chrome/87.0.4280.101 Safari/537.36"
::1 - - [26/Dec/2020:19:17:50 +0000] "GET /js/home/home.js HTTP/1.1" 404 3801 "http://localhost/" "Mozilla/5.0 (Macintosh; Intel Mac OS X 10_15_6) AppleWebKit/537.36 (KHTML, like Gecko) Chrome/87.0.4280.101 Safari/537.36"
::1 - - [26/Dec/2020:19:17:50 +0000] "GET /js/home/home.js HTTP/1.1" 404 3801 "http://localhost/" "Mozilla/5.0 (Macintosh; Intel Mac OS X 10_15_6) AppleWebKit/537.36 (KHTML, like Gecko) Chrome/87.0.4280.101 Safari/537.36"
::1 - - [26/Dec/2020:19:17:51 +0000] "GET / HTTP/1.1" 304 - "-" "Mozilla/5.0 (Macintosh; Intel Mac OS X 10_15_6) AppleWebKit/537.36 (KHTML, like Gecko) Chrome/87.0.4280.101 Safari/537.36"
::1 - - [26/Dec/2020:19:17:51 +0000] "GET /js/home/home.js HTTP/1.1" 404 3801 "http://localhost/" "Mozilla/5.0 (Macintosh; Intel Mac OS X 10_15_6) AppleWebKit/537.36 (KHTML, like Gecko) Chrome/87.0.4280.101 Safari/537.36"
::1 - - [26/Dec/2020:19:17:51 +0000] "GET /js/home/home.js HTTP/1.1" 404 3801 "http://localhost/" "Mozilla/5.0 (Macintosh; Intel Mac OS X 10_15_6) AppleWebKit/537.36 (KHTML, like Gecko) Chrome/87.0.4280.101 Safari/537.36"
::1 - - [26/Dec/2020:19:18:32 +0000] "GET / HTTP/1.1" 200 4822 "-" "Mozilla/5.0 (Macintosh; Intel Mac OS X 10_15_6) AppleWebKit/537.36 (KHTML, like Gecko) Chrome/87.0.4280.101 Safari/537.36"
::1 - - [26/Dec/2020:19:18:32 +0000] "GET /js/home/home.js HTTP/1.1" 404 3801 "http://localhost/" "Mozilla/5.0 (Macintosh; Intel Mac OS X 10_15_6) AppleWebKit/537.36 (KHTML, like Gecko) Chrome/87.0.4280.101 Safari/537.36"
::1 - - [26/Dec/2020:19:18:32 +0000] "GET /js/home/home.js HTTP/1.1" 404 3801 "http://localhost/" "Mozilla/5.0 (Macintosh; Intel Mac OS X 10_15_6) AppleWebKit/537.36 (KHTML, like Gecko) Chrome/87.0.4280.101 Safari/537.36"
