::1 - - [07/Dec/2020:01:22:51 +0000] "GET /compsci/compsci/?ip=&port= HTTP/1.1" 404 3801 "http://localhost/compsci/" "Mozilla/5.0 (Macintosh; Intel Mac OS X 10_15_7) AppleWebKit/537.36 (KHTML, like Gecko) Chrome/87.0.4280.88 Safari/537.36"
::1 - - [07/Dec/2020:01:24:00 +0000] "GET /compsci/compsci/?ip=&port= HTTP/1.1" 404 3801 "http://localhost/compsci/" "Mozilla/5.0 (Macintosh; Intel Mac OS X 10_15_7) AppleWebKit/537.36 (KHTML, like Gecko) Chrome/87.0.4280.88 Safari/537.36"
::1 - - [07/Dec/2020:01:24:04 +0000] "GET /compsci/compsci/?ip=&port= HTTP/1.1" 404 3801 "http://localhost/compsci/" "Mozilla/5.0 (Macintosh; Intel Mac OS X 10_15_7) AppleWebKit/537.36 (KHTML, like Gecko) Chrome/87.0.4280.88 Safari/537.36"
::1 - - [07/Dec/2020:01:24:32 +0000] "GET /compsci/compsci/?ip=&port= HTTP/1.1" 404 3801 "http://localhost/compsci/" "Mozilla/5.0 (Macintosh; Intel Mac OS X 10_15_7) AppleWebKit/537.36 (KHTML, like Gecko) Chrome/87.0.4280.88 Safari/537.36"
::1 - - [07/Dec/2020:01:24:37 +0000] "GET /searching?search=hi HTTP/1.1" 404 3801 "http://localhost/compsci/" "Mozilla/5.0 (Macintosh; Intel Mac OS X 10_15_7) AppleWebKit/537.36 (KHTML, like Gecko) Chrome/87.0.4280.88 Safari/537.36"
::1 - - [07/Dec/2020:01:24:38 +0000] "GET /searching?search=hi HTTP/1.1" 404 3801 "http://localhost/compsci/" "Mozilla/5.0 (Macintosh; Intel Mac OS X 10_15_7) AppleWebKit/537.36 (KHTML, like Gecko) Chrome/87.0.4280.88 Safari/537.36"
::1 - - [07/Dec/2020:01:24:38 +0000] "GET /searching?search=hi HTTP/1.1" 404 3801 "http://localhost/compsci/" "Mozilla/5.0 (Macintosh; Intel Mac OS X 10_15_7) AppleWebKit/537.36 (KHTML, like Gecko) Chrome/87.0.4280.88 Safari/537.36"
::1 - - [07/Dec/2020:01:24:45 +0000] "GET /searching?search=hi HTTP/1.1" 404 3801 "http://localhost/compsci/" "Mozilla/5.0 (Macintosh; Intel Mac OS X 10_15_7) AppleWebKit/537.36 (KHTML, like Gecko) Chrome/87.0.4280.88 Safari/537.36"
::1 - - [07/Dec/2020:01:24:45 +0000] "GET /searching?search=hi HTTP/1.1" 404 3801 "http://localhost/compsci/" "Mozilla/5.0 (Macintosh; Intel Mac OS X 10_15_7) AppleWebKit/537.36 (KHTML, like Gecko) Chrome/87.0.4280.88 Safari/537.36"
::1 - - [07/Dec/2020:01:24:46 +0000] "GET /searching?search=hi HTTP/1.1" 404 3801 "http://localhost/compsci/" "Mozilla/5.0 (Macintosh; Intel Mac OS X 10_15_7) AppleWebKit/537.36 (KHTML, like Gecko) Chrome/87.0.4280.88 Safari/537.36"
::1 - - [07/Dec/2020:01:24:46 +0000] "GET /searching?search=hi HTTP/1.1" 404 3801 "http://localhost/compsci/" "Mozilla/5.0 (Macintosh; Intel Mac OS X 10_15_7) AppleWebKit/537.36 (KHTML, like Gecko) Chrome/87.0.4280.88 Safari/537.36"
::1 - - [07/Dec/2020:01:26:16 +0000] "GET /searching?search=hi HTTP/1.1" 404 3801 "http://localhost/compsci/" "Mozilla/5.0 (Macintosh; Intel Mac OS X 10_15_7) AppleWebKit/537.36 (KHTML, like Gecko) Chrome/87.0.4280.88 Safari/537.36"
::1 - - [07/Dec/2020:01:26:20 +0000] "GET /searching?search=hi HTTP/1.1" 404 3801 "http://localhost/compsci/" "Mozilla/5.0 (Macintosh; Intel Mac OS X 10_15_7) AppleWebKit/537.36 (KHTML, like Gecko) Chrome/87.0.4280.88 Safari/537.36"
::1 - - [07/Dec/2020:01:26:20 +0000] "GET /searching?search=hi HTTP/1.1" 404 3801 "http://localhost/compsci/" "Mozilla/5.0 (Macintosh; Intel Mac OS X 10_15_7) AppleWebKit/537.36 (KHTML, like Gecko) Chrome/87.0.4280.88 Safari/537.36"
::1 - - [07/Dec/2020:01:27:04 +0000] "GET /searching?search=hi HTTP/1.1" 404 3801 "http://localhost/compsci/" "Mozilla/5.0 (Macintosh; Intel Mac OS X 10_15_7) AppleWebKit/537.36 (KHTML, like Gecko) Chrome/87.0.4280.88 Safari/537.36"
::1 - - [07/Dec/2020:01:27:06 +0000] "GET /searching?search=hi HTTP/1.1" 404 3801 "http://localhost/compsci/" "Mozilla/5.0 (Macintosh; Intel Mac OS X 10_15_7) AppleWebKit/537.36 (KHTML, like Gecko) Chrome/87.0.4280.88 Safari/537.36"
::1 - - [07/Dec/2020:01:27:06 +0000] "GET /searching?search=hi HTTP/1.1" 404 3801 "http://localhost/compsci/" "Mozilla/5.0 (Macintosh; Intel Mac OS X 10_15_7) AppleWebKit/537.36 (KHTML, like Gecko) Chrome/87.0.4280.88 Safari/537.36"
::1 - - [07/Dec/2020:01:43:04 +0000] "GET /compsci/searching?ip=l&port= HTTP/1.1" 404 3801 "http://localhost/compsci/" "Mozilla/5.0 (Macintosh; Intel Mac OS X 10_15_7) AppleWebKit/537.36 (KHTML, like Gecko) Chrome/87.0.4280.88 Safari/537.36"
::1 - - [07/Dec/2020:01:43:04 +0000] "GET /compsci/searching?ip=lo&port= HTTP/1.1" 404 3801 "http://localhost/compsci/" "Mozilla/5.0 (Macintosh; Intel Mac OS X 10_15_7) AppleWebKit/537.36 (KHTML, like Gecko) Chrome/87.0.4280.88 Safari/537.36"
::1 - - [07/Dec/2020:01:43:05 +0000] "GET /compsci/searching?ip=loca&port= HTTP/1.1" 404 3801 "http://localhost/compsci/" "Mozilla/5.0 (Macintosh; Intel Mac OS X 10_15_7) AppleWebKit/537.36 (KHTML, like Gecko) Chrome/87.0.4280.88 Safari/537.36"
::1 - - [07/Dec/2020:01:43:05 +0000] "GET /compsci/searching?ip=local&port= HTTP/1.1" 404 3801 "http://localhost/compsci/" "Mozilla/5.0 (Macintosh; Intel Mac OS X 10_15_7) AppleWebKit/537.36 (KHTML, like Gecko) Chrome/87.0.4280.88 Safari/537.36"
::1 - - [07/Dec/2020:01:43:05 +0000] "GET /compsci/searching?ip=local&port= HTTP/1.1" 404 3801 "http://localhost/compsci/" "Mozilla/5.0 (Macintosh; Intel Mac OS X 10_15_7) AppleWebKit/537.36 (KHTML, like Gecko) Chrome/87.0.4280.88 Safari/537.36"
::1 - - [07/Dec/2020:01:43:07 +0000] "GET /compsci/searching?ip=localho&port= HTTP/1.1" 404 3801 "http://localhost/compsci/" "Mozilla/5.0 (Macintosh; Intel Mac OS X 10_15_7) AppleWebKit/537.36 (KHTML, like Gecko) Chrome/87.0.4280.88 Safari/537.36"
::1 - - [07/Dec/2020:01:43:07 +0000] "GET /compsci/searching?ip=localho&port= HTTP/1.1" 404 3801 "http://localhost/compsci/" "Mozilla/5.0 (Macintosh; Intel Mac OS X 10_15_7) AppleWebKit/537.36 (KHTML, like Gecko) Chrome/87.0.4280.88 Safari/537.36"
::1 - - [07/Dec/2020:01:43:07 +0000] "GET /compsci/searching?ip=localhost&port= HTTP/1.1" 404 3801 "http://localhost/compsci/" "Mozilla/5.0 (Macintosh; Intel Mac OS X 10_15_7) AppleWebKit/537.36 (KHTML, like Gecko) Chrome/87.0.4280.88 Safari/537.36"
::1 - - [07/Dec/2020:01:43:08 +0000] "GET /compsci/searching?ip=localhost&port= HTTP/1.1" 404 3801 "http://localhost/compsci/" "Mozilla/5.0 (Macintosh; Intel Mac OS X 10_15_7) AppleWebKit/537.36 (KHTML, like Gecko) Chrome/87.0.4280.88 Safari/537.36"
::1 - - [07/Dec/2020:01:43:13 +0000] "GET /compsci/searching?ip=localhost&port=80 HTTP/1.1" 404 3801 "http://localhost/compsci/" "Mozilla/5.0 (Macintosh; Intel Mac OS X 10_15_7) AppleWebKit/537.36 (KHTML, like Gecko) Chrome/87.0.4280.88 Safari/537.36"
::1 - - [07/Dec/2020:01:43:13 +0000] "GET /compsci/searching?ip=localhost&port=80 HTTP/1.1" 404 3801 "http://localhost/compsci/" "Mozilla/5.0 (Macintosh; Intel Mac OS X 10_15_7) AppleWebKit/537.36 (KHTML, like Gecko) Chrome/87.0.4280.88 Safari/537.36"
::1 - - [07/Dec/2020:01:44:02 +0000] "GET /compsci/searching?ip=&port=80 HTTP/1.1" 404 3801 "http://localhost/compsci/" "Mozilla/5.0 (Macintosh; Intel Mac OS X 10_15_7) AppleWebKit/537.36 (KHTML, like Gecko) Chrome/87.0.4280.88 Safari/537.36"
::1 - - [07/Dec/2020:01:44:02 +0000] "GET /compsci/searching?ip=&port=80 HTTP/1.1" 404 3801 "http://localhost/compsci/" "Mozilla/5.0 (Macintosh; Intel Mac OS X 10_15_7) AppleWebKit/537.36 (KHTML, like Gecko) Chrome/87.0.4280.88 Safari/537.36"
::1 - - [07/Dec/2020:01:44:02 +0000] "GET /compsci/searching?ip=&port=80 HTTP/1.1" 404 3801 "http://localhost/compsci/" "Mozilla/5.0 (Macintosh; Intel Mac OS X 10_15_7) AppleWebKit/537.36 (KHTML, like Gecko) Chrome/87.0.4280.88 Safari/537.36"
::1 - - [07/Dec/2020:01:44:03 +0000] "GET /compsci/searching?ip=&port= HTTP/1.1" 404 3801 "http://localhost/compsci/" "Mozilla/5.0 (Macintosh; Intel Mac OS X 10_15_7) AppleWebKit/537.36 (KHTML, like Gecko) Chrome/87.0.4280.88 Safari/537.36"
::1 - - [07/Dec/2020:01:44:03 +0000] "GET /compsci/searching?ip=&port= HTTP/1.1" 404 3801 "http://localhost/compsci/" "Mozilla/5.0 (Macintosh; Intel Mac OS X 10_15_7) AppleWebKit/537.36 (KHTML, like Gecko) Chrome/87.0.4280.88 Safari/537.36"
::1 - - [07/Dec/2020:01:44:03 +0000] "GET /compsci/searching?ip=&port= HTTP/1.1" 404 3801 "http://localhost/compsci/" "Mozilla/5.0 (Macintosh; Intel Mac OS X 10_15_7) AppleWebKit/537.36 (KHTML, like Gecko) Chrome/87.0.4280.88 Safari/537.36"
::1 - - [07/Dec/2020:01:44:05 +0000] "GET /compsci/searching?ip=l&port= HTTP/1.1" 404 3801 "http://localhost/compsci/" "Mozilla/5.0 (Macintosh; Intel Mac OS X 10_15_7) AppleWebKit/537.36 (KHTML, like Gecko) Chrome/87.0.4280.88 Safari/537.36"
::1 - - [07/Dec/2020:01:44:05 +0000] "GET /compsci/searching?ip=lo&port= HTTP/1.1" 404 3801 "http://localhost/compsci/" "Mozilla/5.0 (Macintosh; Intel Mac OS X 10_15_7) AppleWebKit/537.36 (KHTML, like Gecko) Chrome/87.0.4280.88 Safari/537.36"
::1 - - [07/Dec/2020:01:44:06 +0000] "GET /compsci/searching?ip=loca&port= HTTP/1.1" 404 3801 "http://localhost/compsci/" "Mozilla/5.0 (Macintosh; Intel Mac OS X 10_15_7) AppleWebKit/537.36 (KHTML, like Gecko) Chrome/87.0.4280.88 Safari/537.36"
::1 - - [07/Dec/2020:01:44:06 +0000] "GET /compsci/searching?ip=loca&port= HTTP/1.1" 404 3801 "http://localhost/compsci/" "Mozilla/5.0 (Macintosh; Intel Mac OS X 10_15_7) AppleWebKit/537.36 (KHTML, like Gecko) Chrome/87.0.4280.88 Safari/537.36"
::1 - - [07/Dec/2020:01:44:06 +0000] "GET /compsci/searching?ip=local&port= HTTP/1.1" 404 3801 "http://localhost/compsci/" "Mozilla/5.0 (Macintosh; Intel Mac OS X 10_15_7) AppleWebKit/537.36 (KHTML, like Gecko) Chrome/87.0.4280.88 Safari/537.36"
::1 - - [07/Dec/2020:01:44:06 +0000] "GET /compsci/searching?ip=localho&port= HTTP/1.1" 404 3801 "http://localhost/compsci/" "Mozilla/5.0 (Macintosh; Intel Mac OS X 10_15_7) AppleWebKit/537.36 (KHTML, like Gecko) Chrome/87.0.4280.88 Safari/537.36"
::1 - - [07/Dec/2020:01:44:06 +0000] "GET /compsci/searching?ip=localho&port= HTTP/1.1" 404 3801 "http://localhost/compsci/" "Mozilla/5.0 (Macintosh; Intel Mac OS X 10_15_7) AppleWebKit/537.36 (KHTML, like Gecko) Chrome/87.0.4280.88 Safari/537.36"
::1 - - [07/Dec/2020:03:02:14 +0000] "GET / HTTP/1.1" 304 - "-" "Mozilla/5.0 (Macintosh; Intel Mac OS X 10_15_6) AppleWebKit/537.36 (KHTML, like Gecko) Chrome/87.0.4280.88 Safari/537.36"
::1 - - [07/Dec/2020:22:56:57 +0000] "GET / HTTP/1.1" 200 635 "-" "Mozilla/5.0 (Macintosh; Intel Mac OS X 10_15_7) AppleWebKit/537.36 (KHTML, like Gecko) Chrome/87.0.4280.88 Safari/537.36"
::1 - - [07/Dec/2020:22:56:58 +0000] "GET /public/favicon.ico HTTP/1.1" 404 3801 "http://localhost/" "Mozilla/5.0 (Macintosh; Intel Mac OS X 10_15_7) AppleWebKit/537.36 (KHTML, like Gecko) Chrome/87.0.4280.88 Safari/537.36"
::1 - - [08/Dec/2020:02:37:52 +0000] "GET / HTTP/1.1" 304 - "-" "Mozilla/5.0 (Macintosh; Intel Mac OS X 10_15_7) AppleWebKit/537.36 (KHTML, like Gecko) Chrome/87.0.4280.88 Safari/537.36"
::1 - - [08/Dec/2020:02:37:56 +0000] "GET /hidden HTTP/1.1" 401 0 "-" "Mozilla/5.0 (Macintosh; Intel Mac OS X 10_15_7) AppleWebKit/537.36 (KHTML, like Gecko) Chrome/87.0.4280.88 Safari/537.36"
::1 - - [08/Dec/2020:02:37:58 +0000] "GET /hidden HTTP/1.1" 401 0 "-" "Mozilla/5.0 (Macintosh; Intel Mac OS X 10_15_7) AppleWebKit/537.36 (KHTML, like Gecko) Chrome/87.0.4280.88 Safari/537.36"
::1 - - [08/Dec/2020:02:39:25 +0000] "GET /hidden HTTP/1.1" 401 0 "-" "Mozilla/5.0 (Macintosh; Intel Mac OS X 10_15_7) AppleWebKit/537.36 (KHTML, like Gecko) Chrome/87.0.4280.88 Safari/537.36"
::1 - - [08/Dec/2020:02:39:27 +0000] "GET /hidden HTTP/1.1" 401 0 "-" "Mozilla/5.0 (Macintosh; Intel Mac OS X 10_15_7) AppleWebKit/537.36 (KHTML, like Gecko) Chrome/87.0.4280.88 Safari/537.36"
::1 - - [08/Dec/2020:02:39:31 +0000] "GET /hidden HTTP/1.1" 401 0 "-" "Mozilla/5.0 (Macintosh; Intel Mac OS X 10_15_7) AppleWebKit/537.36 (KHTML, like Gecko) Chrome/87.0.4280.88 Safari/537.36"
::1 - Admin [08/Dec/2020:02:39:55 +0000] "GET /hidden HTTP/1.1" 200 4 "-" "Mozilla/5.0 (Macintosh; Intel Mac OS X 10_15_7) AppleWebKit/537.36 (KHTML, like Gecko) Chrome/87.0.4280.88 Safari/537.36"
::1 - Admin [08/Dec/2020:02:39:55 +0000] "GET /favicon.ico HTTP/1.1" 404 3801 "http://localhost/hidden" "Mozilla/5.0 (Macintosh; Intel Mac OS X 10_15_7) AppleWebKit/537.36 (KHTML, like Gecko) Chrome/87.0.4280.88 Safari/537.36"
::1 - Admin [08/Dec/2020:02:39:58 +0000] "GET /hidden HTTP/1.1" 304 - "-" "Mozilla/5.0 (Macintosh; Intel Mac OS X 10_15_7) AppleWebKit/537.36 (KHTML, like Gecko) Chrome/87.0.4280.88 Safari/537.36"
::1 - Admin [08/Dec/2020:02:39:59 +0000] "GET /hidden HTTP/1.1" 304 - "-" "Mozilla/5.0 (Macintosh; Intel Mac OS X 10_15_7) AppleWebKit/537.36 (KHTML, like Gecko) Chrome/87.0.4280.88 Safari/537.36"
::1 - Admin [08/Dec/2020:02:40:48 +0000] "GET /hidden HTTP/1.1" 304 - "-" "Mozilla/5.0 (Macintosh; Intel Mac OS X 10_15_7) AppleWebKit/537.36 (KHTML, like Gecko) Chrome/87.0.4280.88 Safari/537.36"
::1 - Admin [08/Dec/2020:02:40:56 +0000] "GET /hidden HTTP/1.1" 404 3801 "-" "Mozilla/5.0 (Macintosh; Intel Mac OS X 10_15_7) AppleWebKit/537.36 (KHTML, like Gecko) Chrome/87.0.4280.88 Safari/537.36"
::1 - Admin [08/Dec/2020:02:41:05 +0000] "GET /development HTTP/1.1" 200 4 "-" "Mozilla/5.0 (Macintosh; Intel Mac OS X 10_15_7) AppleWebKit/537.36 (KHTML, like Gecko) Chrome/87.0.4280.88 Safari/537.36"
::1 - Admin [08/Dec/2020:02:43:14 +0000] "GET /development HTTP/1.1" 304 - "-" "Mozilla/5.0 (Macintosh; Intel Mac OS X 10_15_7) AppleWebKit/537.36 (KHTML, like Gecko) Chrome/87.0.4280.88 Safari/537.36"
::1 - Admin [08/Dec/2020:02:43:16 +0000] "GET /development HTTP/1.1" 304 - "-" "Mozilla/5.0 (Macintosh; Intel Mac OS X 10_15_7) AppleWebKit/537.36 (KHTML, like Gecko) Chrome/87.0.4280.88 Safari/537.36"
::1 - Admin [08/Dec/2020:02:43:17 +0000] "GET /development HTTP/1.1" 304 - "-" "Mozilla/5.0 (Macintosh; Intel Mac OS X 10_15_7) AppleWebKit/537.36 (KHTML, like Gecko) Chrome/87.0.4280.88 Safari/537.36"
::1 - Admin [08/Dec/2020:02:43:21 +0000] "GET /logout HTTP/1.1" 401 12 "-" "Mozilla/5.0 (Macintosh; Intel Mac OS X 10_15_7) AppleWebKit/537.36 (KHTML, like Gecko) Chrome/87.0.4280.88 Safari/537.36"
::1 - Admin [08/Dec/2020:02:43:24 +0000] "GET /logout HTTP/1.1" 401 12 "-" "Mozilla/5.0 (Macintosh; Intel Mac OS X 10_15_7) AppleWebKit/537.36 (KHTML, like Gecko) Chrome/87.0.4280.88 Safari/537.36"
::1 - Admin [08/Dec/2020:02:43:29 +0000] "GET /development HTTP/1.1" 304 - "-" "Mozilla/5.0 (Macintosh; Intel Mac OS X 10_15_7) AppleWebKit/537.36 (KHTML, like Gecko) Chrome/87.0.4280.88 Safari/537.36"
::1 - Admin [08/Dec/2020:02:46:35 +0000] "GET /development HTTP/1.1" 304 - "-" "Mozilla/5.0 (Macintosh; Intel Mac OS X 10_15_7) AppleWebKit/537.36 (KHTML, like Gecko) Chrome/87.0.4280.88 Safari/537.36"
::1 - Admin [08/Dec/2020:02:46:36 +0000] "GET /development HTTP/1.1" 304 - "-" "Mozilla/5.0 (Macintosh; Intel Mac OS X 10_15_7) AppleWebKit/537.36 (KHTML, like Gecko) Chrome/87.0.4280.88 Safari/537.36"
::1 - Admin [08/Dec/2020:02:46:39 +0000] "GET /logout HTTP/1.1" 401 12 "-" "Mozilla/5.0 (Macintosh; Intel Mac OS X 10_15_7) AppleWebKit/537.36 (KHTML, like Gecko) Chrome/87.0.4280.88 Safari/537.36"
::1 - Admin [08/Dec/2020:02:46:42 +0000] "GET /logout HTTP/1.1" 401 12 "-" "Mozilla/5.0 (Macintosh; Intel Mac OS X 10_15_7) AppleWebKit/537.36 (KHTML, like Gecko) Chrome/87.0.4280.88 Safari/537.36"
::1 - Admin [08/Dec/2020:02:46:46 +0000] "GET /development HTTP/1.1" 304 - "-" "Mozilla/5.0 (Macintosh; Intel Mac OS X 10_15_7) AppleWebKit/537.36 (KHTML, like Gecko) Chrome/87.0.4280.88 Safari/537.36"
::1 - Admin [08/Dec/2020:02:47:06 +0000] "GET /development HTTP/1.1" 304 - "-" "Mozilla/5.0 (Macintosh; Intel Mac OS X 10_15_7) AppleWebKit/537.36 (KHTML, like Gecko) Chrome/87.0.4280.88 Safari/537.36"
::1 - Admin [08/Dec/2020:02:47:34 +0000] "GET /development HTTP/1.1" 304 - "-" "Mozilla/5.0 (Macintosh; Intel Mac OS X 10_15_7) AppleWebKit/537.36 (KHTML, like Gecko) Chrome/87.0.4280.88 Safari/537.36"
::1 - Admin [08/Dec/2020:02:47:38 +0000] "GET /logout HTTP/1.1" 401 12 "-" "Mozilla/5.0 (Macintosh; Intel Mac OS X 10_15_7) AppleWebKit/537.36 (KHTML, like Gecko) Chrome/87.0.4280.88 Safari/537.36"
::1 - Admin [08/Dec/2020:02:47:41 +0000] "GET /logout HTTP/1.1" 401 12 "-" "Mozilla/5.0 (Macintosh; Intel Mac OS X 10_15_7) AppleWebKit/537.36 (KHTML, like Gecko) Chrome/87.0.4280.88 Safari/537.36"
::1 - Admin [08/Dec/2020:02:47:45 +0000] "GET /development HTTP/1.1" 304 - "-" "Mozilla/5.0 (Macintosh; Intel Mac OS X 10_15_7) AppleWebKit/537.36 (KHTML, like Gecko) Chrome/87.0.4280.88 Safari/537.36"
::1 - Admin [08/Dec/2020:02:49:06 +0000] "GET /development HTTP/1.1" 304 - "-" "Mozilla/5.0 (Macintosh; Intel Mac OS X 10_15_7) AppleWebKit/537.36 (KHTML, like Gecko) Chrome/87.0.4280.88 Safari/537.36"
::1 - Admin [08/Dec/2020:02:49:08 +0000] "GET /logout HTTP/1.1" 401 12 "-" "Mozilla/5.0 (Macintosh; Intel Mac OS X 10_15_7) AppleWebKit/537.36 (KHTML, like Gecko) Chrome/87.0.4280.88 Safari/537.36"
::1 - Admin [08/Dec/2020:02:49:19 +0000] "GET /logout HTTP/1.1" 401 12 "-" "Mozilla/5.0 (Macintosh; Intel Mac OS X 10_15_7) AppleWebKit/537.36 (KHTML, like Gecko) Chrome/87.0.4280.88 Safari/537.36"
::1 - Admin [08/Dec/2020:02:49:19 +0000] "GET /logout HTTP/1.1" 401 12 "-" "Mozilla/5.0 (Macintosh; Intel Mac OS X 10_15_7) AppleWebKit/537.36 (KHTML, like Gecko) Chrome/87.0.4280.88 Safari/537.36"
::1 - Admin [08/Dec/2020:02:49:20 +0000] "GET /logout HTTP/1.1" 401 12 "-" "Mozilla/5.0 (Macintosh; Intel Mac OS X 10_15_7) AppleWebKit/537.36 (KHTML, like Gecko) Chrome/87.0.4280.88 Safari/537.36"
::1 - - [08/Dec/2020:02:49:20 +0000] "GET /logout HTTP/1.1" 401 0 "-" "Mozilla/5.0 (Macintosh; Intel Mac OS X 10_15_7) AppleWebKit/537.36 (KHTML, like Gecko) Chrome/87.0.4280.88 Safari/537.36"
::1 - Admin [08/Dec/2020:02:49:20 +0000] "GET /logout HTTP/1.1" 401 12 "-" "Mozilla/5.0 (Macintosh; Intel Mac OS X 10_15_7) AppleWebKit/537.36 (KHTML, like Gecko) Chrome/87.0.4280.88 Safari/537.36"
::1 - - [08/Dec/2020:02:49:20 +0000] "GET /logout HTTP/1.1" 401 0 "-" "Mozilla/5.0 (Macintosh; Intel Mac OS X 10_15_7) AppleWebKit/537.36 (KHTML, like Gecko) Chrome/87.0.4280.88 Safari/537.36"
::1 - - [08/Dec/2020:02:49:22 +0000] "GET /logout HTTP/1.1" 401 0 "-" "Mozilla/5.0 (Macintosh; Intel Mac OS X 10_15_7) AppleWebKit/537.36 (KHTML, like Gecko) Chrome/87.0.4280.88 Safari/537.36"
::1 - - [08/Dec/2020:02:49:25 +0000] "GET /logout HTTP/1.1" 401 0 "-" "Mozilla/5.0 (Macintosh; Intel Mac OS X 10_15_7) AppleWebKit/537.36 (KHTML, like Gecko) Chrome/87.0.4280.88 Safari/537.36"
::1 - - [08/Dec/2020:02:49:26 +0000] "GET /logout HTTP/1.1" 401 0 "-" "Mozilla/5.0 (Macintosh; Intel Mac OS X 10_15_7) AppleWebKit/537.36 (KHTML, like Gecko) Chrome/87.0.4280.88 Safari/537.36"
::1 - - [08/Dec/2020:02:49:31 +0000] "GET /development HTTP/1.1" 401 0 "-" "Mozilla/5.0 (Macintosh; Intel Mac OS X 10_15_7) AppleWebKit/537.36 (KHTML, like Gecko) Chrome/87.0.4280.88 Safari/537.36"
::1 - - [08/Dec/2020:02:49:42 +0000] "GET /development HTTP/1.1" 401 0 "-" "Mozilla/5.0 (Macintosh; Intel Mac OS X 10_15_7) AppleWebKit/537.36 (KHTML, like Gecko) Chrome/87.0.4280.88 Safari/537.36"
::1 - Admin [08/Dec/2020:02:49:42 +0000] "GET /development HTTP/1.1" 304 - "-" "Mozilla/5.0 (Macintosh; Intel Mac OS X 10_15_7) AppleWebKit/537.36 (KHTML, like Gecko) Chrome/87.0.4280.88 Safari/537.36"
::1 - - [08/Dec/2020:02:49:50 +0000] "GET /logout HTTP/1.1" 401 0 "-" "Mozilla/5.0 (Macintosh; Intel Mac OS X 10_15_7) AppleWebKit/537.36 (KHTML, like Gecko) Chrome/87.0.4280.88 Safari/537.36"
::1 - Admin [08/Dec/2020:02:49:50 +0000] "GET /logout HTTP/1.1" 401 12 "-" "Mozilla/5.0 (Macintosh; Intel Mac OS X 10_15_7) AppleWebKit/537.36 (KHTML, like Gecko) Chrome/87.0.4280.88 Safari/537.36"
::1 - - [08/Dec/2020:02:49:50 +0000] "GET /logout HTTP/1.1" 401 0 "-" "Mozilla/5.0 (Macintosh; Intel Mac OS X 10_15_7) AppleWebKit/537.36 (KHTML, like Gecko) Chrome/87.0.4280.88 Safari/537.36"
::1 - - [08/Dec/2020:02:50:06 +0000] "GET /development HTTP/1.1" 401 0 "-" "Mozilla/5.0 (Macintosh; Intel Mac OS X 10_15_7) AppleWebKit/537.36 (KHTML, like Gecko) Chrome/87.0.4280.88 Safari/537.36"
::1 - - [08/Dec/2020:02:51:07 +0000] "GET /development HTTP/1.1" 401 0 "-" "Mozilla/5.0 (Macintosh; Intel Mac OS X 10_15_7) AppleWebKit/537.36 (KHTML, like Gecko) Chrome/87.0.4280.88 Safari/537.36"
::1 - Admin [08/Dec/2020:02:51:15 +0000] "GET /development HTTP/1.1" 200 37 "-" "Mozilla/5.0 (Macintosh; Intel Mac OS X 10_15_7) AppleWebKit/537.36 (KHTML, like Gecko) Chrome/87.0.4280.88 Safari/537.36"
::1 - Admin [08/Dec/2020:02:51:17 +0000] "GET /logout HTTP/1.1" 401 10 "http://localhost/development" "Mozilla/5.0 (Macintosh; Intel Mac OS X 10_15_7) AppleWebKit/537.36 (KHTML, like Gecko) Chrome/87.0.4280.88 Safari/537.36"
::1 - - [08/Dec/2020:02:51:24 +0000] "GET /development HTTP/1.1" 401 0 "-" "Mozilla/5.0 (Macintosh; Intel Mac OS X 10_15_7) AppleWebKit/537.36 (KHTML, like Gecko) Chrome/87.0.4280.88 Safari/537.36"
::1 - Admin [08/Dec/2020:02:52:24 +0000] "GET /development HTTP/1.1" 304 - "-" "Mozilla/5.0 (Macintosh; Intel Mac OS X 10_15_7) AppleWebKit/537.36 (KHTML, like Gecko) Chrome/87.0.4280.88 Safari/537.36"
::1 - Admin [08/Dec/2020:02:52:27 +0000] "GET /logout HTTP/1.1" 401 47 "http://localhost/development" "Mozilla/5.0 (Macintosh; Intel Mac OS X 10_15_7) AppleWebKit/537.36 (KHTML, like Gecko) Chrome/87.0.4280.88 Safari/537.36"
::1 - - [08/Dec/2020:02:52:28 +0000] "GET /development HTTP/1.1" 401 0 "http://localhost/logout" "Mozilla/5.0 (Macintosh; Intel Mac OS X 10_15_7) AppleWebKit/537.36 (KHTML, like Gecko) Chrome/87.0.4280.88 Safari/537.36"
::1 - - [13/Dec/2020:19:04:11 +0000] "GET / HTTP/1.1" 200 635 "-" "Mozilla/5.0 (Macintosh; Intel Mac OS X 10_15_6) AppleWebKit/537.36 (KHTML, like Gecko) Chrome/87.0.4280.88 Safari/537.36"
::1 - - [13/Dec/2020:19:04:12 +0000] "GET /public/favicon.ico HTTP/1.1" 404 3801 "http://localhost/" "Mozilla/5.0 (Macintosh; Intel Mac OS X 10_15_7) AppleWebKit/537.36 (KHTML, like Gecko) Chrome/87.0.4280.88 Safari/537.36"
::1 - - [13/Dec/2020:19:04:15 +0000] "GET /css/math//css/math/template.css HTTP/1.1" 404 3801 "http://localhost/math/2d-distance-formula" "Mozilla/5.0 (Macintosh; Intel Mac OS X 10_15_7) AppleWebKit/537.36 (KHTML, like Gecko) Chrome/87.0.4280.88 Safari/537.36"
::1 - - [13/Dec/2020:19:04:15 +0000] "GET /css/math//css/math/2d-distance-formula.css HTTP/1.1" 404 3801 "http://localhost/math/2d-distance-formula" "Mozilla/5.0 (Macintosh; Intel Mac OS X 10_15_7) AppleWebKit/537.36 (KHTML, like Gecko) Chrome/87.0.4280.88 Safari/537.36"
::1 - - [18/Dec/2020:17:14:04 +0000] "GET / HTTP/1.1" 200 635 "-" "Mozilla/5.0 (Macintosh; Intel Mac OS X 10_15_6) AppleWebKit/537.36 (KHTML, like Gecko) Chrome/87.0.4280.88 Safari/537.36"
::1 - - [18/Dec/2020:17:14:16 +0000] "GET / HTTP/1.1" 200 635 "-" "Mozilla/5.0 (Macintosh; Intel Mac OS X 10_15_6) AppleWebKit/605.1.15 (KHTML, like Gecko) Version/13.1.2 Safari/605.1.15"
::1 - - [18/Dec/2020:17:14:22 +0000] "GET /public/favicon.ico HTTP/1.1" 404 3801 "http://localhost/" "Mozilla/5.0 (Macintosh; Intel Mac OS X 10_15_6) AppleWebKit/605.1.15 (KHTML, like Gecko) Version/13.1.2 Safari/605.1.15"
::1 - - [18/Dec/2020:17:14:22 +0000] "GET / HTTP/1.1" 304 - "-" "Mozilla/5.0 (Macintosh; Intel Mac OS X 10_15_6) AppleWebKit/605.1.15 (KHTML, like Gecko) Version/13.1.2 Safari/605.1.15"
::1 - - [19/Dec/2020:19:35:18 +0000] "GET / HTTP/1.1" 304 - "-" "Mozilla/5.0 (Macintosh; Intel Mac OS X 10_15_6) AppleWebKit/537.36 (KHTML, like Gecko) Chrome/87.0.4280.101 Safari/537.36"
::1 - - [19/Dec/2020:19:35:19 +0000] "GET /public/favicon.ico HTTP/1.1" 404 3801 "http://localhost/" "Mozilla/5.0 (Macintosh; Intel Mac OS X 10_15_7) AppleWebKit/537.36 (KHTML, like Gecko) Chrome/87.0.4280.101 Safari/537.36"
