::1 - - [30/Dec/2020:02:35:02 +0000] "GET /teapot HTTP/1.1" - - "-" "curl/7.64.1"
::1 - - [30/Dec/2020:02:35:12 +0000] "GET / HTTP/1.1" 304 - "-" "Mozilla/5.0 (Macintosh; Intel Mac OS X 10_15_6) AppleWebKit/537.36 (KHTML, like Gecko) Chrome/87.0.4280.101 Safari/537.36"
::1 - - [30/Dec/2020:02:35:12 +0000] "GET /js/home/home.js HTTP/1.1" 404 3801 "http://localhost/" "Mozilla/5.0 (Macintosh; Intel Mac OS X 10_15_6) AppleWebKit/537.36 (KHTML, like Gecko) Chrome/87.0.4280.101 Safari/537.36"
::1 - - [30/Dec/2020:02:35:12 +0000] "GET /js/home/home.js HTTP/1.1" 404 3801 "http://localhost/" "Mozilla/5.0 (Macintosh; Intel Mac OS X 10_15_6) AppleWebKit/537.36 (KHTML, like Gecko) Chrome/87.0.4280.101 Safari/537.36"
::1 - - [30/Dec/2020:02:35:16 +0000] "GET /teapot HTTP/1.1" - - "-" "Mozilla/5.0 (Macintosh; Intel Mac OS X 10_15_6) AppleWebKit/537.36 (KHTML, like Gecko) Chrome/87.0.4280.101 Safari/537.36"
::1 - - [30/Dec/2020:02:36:31 +0000] "GET /teapot HTTP/1.1" 418 12 "-" "Mozilla/5.0 (Macintosh; Intel Mac OS X 10_15_6) AppleWebKit/537.36 (KHTML, like Gecko) Chrome/87.0.4280.101 Safari/537.36"
::1 - - [30/Dec/2020:02:36:32 +0000] "GET /favicon.ico HTTP/1.1" 404 3801 "http://localhost/teapot" "Mozilla/5.0 (Macintosh; Intel Mac OS X 10_15_6) AppleWebKit/537.36 (KHTML, like Gecko) Chrome/87.0.4280.101 Safari/537.36"
::1 - - [30/Dec/2020:03:09:43 +0000] "GET /wp-login.php HTTP/1.1" 200 152720 "-" "Mozilla/5.0 (Macintosh; Intel Mac OS X 10_15_6) AppleWebKit/537.36 (KHTML, like Gecko) Chrome/87.0.4280.101 Safari/537.36"
::1 - - [30/Dec/2020:03:11:51 +0000] "POST /submit HTTP/1.1" - - "http://localhost/wp-login.php" "Mozilla/5.0 (Macintosh; Intel Mac OS X 10_15_6) AppleWebKit/537.36 (KHTML, like Gecko) Chrome/87.0.4280.101 Safari/537.36"
::1 - - [30/Dec/2020:03:15:10 +0000] "POST /submit HTTP/1.1" - - "http://localhost/wp-login.php" "Mozilla/5.0 (Macintosh; Intel Mac OS X 10_15_6) AppleWebKit/537.36 (KHTML, like Gecko) Chrome/87.0.4280.101 Safari/537.36"
::1 - - [30/Dec/2020:03:15:55 +0000] "POST /submit HTTP/1.1" 500 1531 "http://localhost/wp-login.php" "Mozilla/5.0 (Macintosh; Intel Mac OS X 10_15_6) AppleWebKit/537.36 (KHTML, like Gecko) Chrome/87.0.4280.101 Safari/537.36"
::1 - - [30/Dec/2020:03:16:16 +0000] "GET /wp-login.php HTTP/1.1" 304 - "-" "Mozilla/5.0 (Macintosh; Intel Mac OS X 10_15_6) AppleWebKit/537.36 (KHTML, like Gecko) Chrome/87.0.4280.101 Safari/537.36"
::1 - - [30/Dec/2020:03:19:04 +0000] "POST /submit HTTP/1.1" - - "http://localhost/wp-login.php" "Mozilla/5.0 (Macintosh; Intel Mac OS X 10_15_6) AppleWebKit/537.36 (KHTML, like Gecko) Chrome/87.0.4280.101 Safari/537.36"
::1 - - [30/Dec/2020:03:20:48 +0000] "GET / HTTP/1.1" 304 - "-" "Mozilla/5.0 (Macintosh; Intel Mac OS X 10_15_6) AppleWebKit/537.36 (KHTML, like Gecko) Chrome/87.0.4280.101 Safari/537.36"
::1 - - [30/Dec/2020:03:20:48 +0000] "GET /js/home/home.js HTTP/1.1" 404 3801 "http://localhost/" "Mozilla/5.0 (Macintosh; Intel Mac OS X 10_15_6) AppleWebKit/537.36 (KHTML, like Gecko) Chrome/87.0.4280.101 Safari/537.36"
::1 - - [30/Dec/2020:03:20:48 +0000] "GET /js/home/home.js HTTP/1.1" 404 3801 "http://localhost/" "Mozilla/5.0 (Macintosh; Intel Mac OS X 10_15_6) AppleWebKit/537.36 (KHTML, like Gecko) Chrome/87.0.4280.101 Safari/537.36"
::1 - - [30/Dec/2020:03:20:51 +0000] "GET /wp-login.php HTTP/1.1" 304 - "-" "Mozilla/5.0 (Macintosh; Intel Mac OS X 10_15_6) AppleWebKit/537.36 (KHTML, like Gecko) Chrome/87.0.4280.101 Safari/537.36"
::1 - - [30/Dec/2020:03:21:34 +0000] "POST /submit HTTP/1.1" 418 59 "http://localhost/wp-login.php" "Mozilla/5.0 (Macintosh; Intel Mac OS X 10_15_6) AppleWebKit/537.36 (KHTML, like Gecko) Chrome/87.0.4280.101 Safari/537.36"
::1 - - [30/Dec/2020:04:39:09 +0000] "GET /wp-login.php HTTP/1.1" 404 152720 "-" "Mozilla/5.0 (Macintosh; Intel Mac OS X 10_15_6) AppleWebKit/537.36 (KHTML, like Gecko) Chrome/87.0.4280.101 Safari/537.36"
::1 - - [30/Dec/2020:04:41:36 +0000] "GET /wp-login.php HTTP/1.1" 404 152720 "-" "Mozilla/5.0 (Macintosh; Intel Mac OS X 10_15_6) AppleWebKit/537.36 (KHTML, like Gecko) Chrome/87.0.4280.101 Safari/537.36"
::1 - - [30/Dec/2020:04:41:38 +0000] "POST /submit HTTP/1.1" 404 79 "http://localhost/wp-login.php" "Mozilla/5.0 (Macintosh; Intel Mac OS X 10_15_6) AppleWebKit/537.36 (KHTML, like Gecko) Chrome/87.0.4280.101 Safari/537.36"
::1 - - [30/Dec/2020:04:41:54 +0000] "POST /submit HTTP/1.1" 404 755 "http://localhost/wp-login.php" "Mozilla/5.0 (Macintosh; Intel Mac OS X 10_15_6) AppleWebKit/537.36 (KHTML, like Gecko) Chrome/87.0.4280.101 Safari/537.36"
::1 - - [30/Dec/2020:04:42:11 +0000] "POST /submit HTTP/1.1" 404 755 "http://localhost/wp-login.php" "Mozilla/5.0 (Macintosh; Intel Mac OS X 10_15_6) AppleWebKit/537.36 (KHTML, like Gecko) Chrome/87.0.4280.101 Safari/537.36"
::1 - - [30/Dec/2020:04:42:14 +0000] "POST /submit HTTP/1.1" 404 755 "http://localhost/wp-login.php" "Mozilla/5.0 (Macintosh; Intel Mac OS X 10_15_6) AppleWebKit/537.36 (KHTML, like Gecko) Chrome/87.0.4280.101 Safari/537.36"
::1 - - [30/Dec/2020:04:42:36 +0000] "POST /submit HTTP/1.1" 404 758 "http://localhost/wp-login.php" "Mozilla/5.0 (Macintosh; Intel Mac OS X 10_15_6) AppleWebKit/537.36 (KHTML, like Gecko) Chrome/87.0.4280.101 Safari/537.36"
::1 - - [30/Dec/2020:04:42:38 +0000] "POST /submit HTTP/1.1" 404 758 "http://localhost/wp-login.php" "Mozilla/5.0 (Macintosh; Intel Mac OS X 10_15_6) AppleWebKit/537.36 (KHTML, like Gecko) Chrome/87.0.4280.101 Safari/537.36"
::1 - - [30/Dec/2020:04:43:04 +0000] "POST /submit HTTP/1.1" 404 758 "http://localhost/wp-login.php" "Mozilla/5.0 (Macintosh; Intel Mac OS X 10_15_6) AppleWebKit/537.36 (KHTML, like Gecko) Chrome/87.0.4280.101 Safari/537.36"
::1 - - [30/Dec/2020:04:43:28 +0000] "POST /submit HTTP/1.1" 404 824 "http://localhost/wp-login.php" "Mozilla/5.0 (Macintosh; Intel Mac OS X 10_15_6) AppleWebKit/537.36 (KHTML, like Gecko) Chrome/87.0.4280.101 Safari/537.36"
::1 - - [30/Dec/2020:04:43:42 +0000] "POST /submit HTTP/1.1" 404 771 "http://localhost/wp-login.php" "Mozilla/5.0 (Macintosh; Intel Mac OS X 10_15_6) AppleWebKit/537.36 (KHTML, like Gecko) Chrome/87.0.4280.101 Safari/537.36"
::1 - - [30/Dec/2020:04:43:53 +0000] "POST /submit HTTP/1.1" 404 755 "http://localhost/wp-login.php" "Mozilla/5.0 (Macintosh; Intel Mac OS X 10_15_6) AppleWebKit/537.36 (KHTML, like Gecko) Chrome/87.0.4280.101 Safari/537.36"
::1 - - [30/Dec/2020:04:44:10 +0000] "POST /submit HTTP/1.1" 404 759 "http://localhost/wp-login.php" "Mozilla/5.0 (Macintosh; Intel Mac OS X 10_15_6) AppleWebKit/537.36 (KHTML, like Gecko) Chrome/87.0.4280.101 Safari/537.36"
::1 - - [30/Dec/2020:04:44:13 +0000] "POST /submit HTTP/1.1" 404 759 "http://localhost/wp-login.php" "Mozilla/5.0 (Macintosh; Intel Mac OS X 10_15_6) AppleWebKit/537.36 (KHTML, like Gecko) Chrome/87.0.4280.101 Safari/537.36"
::1 - - [30/Dec/2020:04:45:44 +0000] "POST /submit HTTP/1.1" 404 759 "http://localhost/wp-login.php" "Mozilla/5.0 (Macintosh; Intel Mac OS X 10_15_6) AppleWebKit/537.36 (KHTML, like Gecko) Chrome/87.0.4280.101 Safari/537.36"
::1 - - [30/Dec/2020:04:46:32 +0000] "POST /submit HTTP/1.1" 404 759 "http://localhost/wp-login.php" "Mozilla/5.0 (Macintosh; Intel Mac OS X 10_15_6) AppleWebKit/537.36 (KHTML, like Gecko) Chrome/87.0.4280.101 Safari/537.36"
::1 - - [30/Dec/2020:04:47:14 +0000] "POST /submit HTTP/1.1" 404 767 "http://localhost/wp-login.php" "Mozilla/5.0 (Macintosh; Intel Mac OS X 10_15_6) AppleWebKit/537.36 (KHTML, like Gecko) Chrome/87.0.4280.101 Safari/537.36"
::1 - - [30/Dec/2020:04:47:37 +0000] "POST /submit HTTP/1.1" 404 763 "http://localhost/wp-login.php" "Mozilla/5.0 (Macintosh; Intel Mac OS X 10_15_6) AppleWebKit/537.36 (KHTML, like Gecko) Chrome/87.0.4280.101 Safari/537.36"
::1 - - [30/Dec/2020:05:16:04 +0000] "POST /submit HTTP/1.1" 404 850 "http://localhost/wp-login.php" "Mozilla/5.0 (Macintosh; Intel Mac OS X 10_15_6) AppleWebKit/537.36 (KHTML, like Gecko) Chrome/87.0.4280.101 Safari/537.36"
::1 - - [30/Dec/2020:05:17:02 +0000] "POST /submit HTTP/1.1" 404 850 "http://localhost/wp-login.php" "Mozilla/5.0 (Macintosh; Intel Mac OS X 10_15_6) AppleWebKit/537.36 (KHTML, like Gecko) Chrome/87.0.4280.101 Safari/537.36"
::1 - - [30/Dec/2020:05:17:09 +0000] "POST /submit HTTP/1.1" 404 852 "http://localhost/wp-login.php" "Mozilla/5.0 (Macintosh; Intel Mac OS X 10_15_6) AppleWebKit/537.36 (KHTML, like Gecko) Chrome/87.0.4280.101 Safari/537.36"
::1 - - [30/Dec/2020:05:20:07 +0000] "POST /submit HTTP/1.1" 404 999 "http://localhost/wp-login.php" "Mozilla/5.0 (Macintosh; Intel Mac OS X 10_15_6) AppleWebKit/537.36 (KHTML, like Gecko) Chrome/87.0.4280.101 Safari/537.36"
::1 - - [30/Dec/2020:05:20:29 +0000] "GET /wp-login.php HTTP/1.1" 404 152720 "-" "Mozilla/5.0 (Macintosh; Intel Mac OS X 10_15_6) AppleWebKit/537.36 (KHTML, like Gecko) Chrome/87.0.4280.101 Safari/537.36"
::1 - - [30/Dec/2020:05:20:55 +0000] "POST /submit HTTP/1.1" 404 999 "http://localhost/wp-login.php" "Mozilla/5.0 (Macintosh; Intel Mac OS X 10_15_6) AppleWebKit/537.36 (KHTML, like Gecko) Chrome/87.0.4280.101 Safari/537.36"
::1 - - [30/Dec/2020:05:22:17 +0000] "POST /submit HTTP/1.1" 404 1008 "http://localhost/wp-login.php" "Mozilla/5.0 (Macintosh; Intel Mac OS X 10_15_6) AppleWebKit/537.36 (KHTML, like Gecko) Chrome/87.0.4280.101 Safari/537.36"
::1 - - [30/Dec/2020:05:22:28 +0000] "POST /submit HTTP/1.1" 404 1008 "http://localhost/wp-login.php" "Mozilla/5.0 (Macintosh; Intel Mac OS X 10_15_6) AppleWebKit/537.36 (KHTML, like Gecko) Chrome/87.0.4280.101 Safari/537.36"
::1 - - [30/Dec/2020:05:22:50 +0000] "POST /submit HTTP/1.1" 404 1018 "http://localhost/wp-login.php" "Mozilla/5.0 (Macintosh; Intel Mac OS X 10_15_6) AppleWebKit/537.36 (KHTML, like Gecko) Chrome/87.0.4280.101 Safari/537.36"
::1 - - [30/Dec/2020:05:23:10 +0000] "POST /submit HTTP/1.1" 404 1019 "http://localhost/wp-login.php" "Mozilla/5.0 (Macintosh; Intel Mac OS X 10_15_6) AppleWebKit/537.36 (KHTML, like Gecko) Chrome/87.0.4280.101 Safari/537.36"
::1 - - [30/Dec/2020:05:23:16 +0000] "POST /submit HTTP/1.1" 404 1019 "http://localhost/wp-login.php" "Mozilla/5.0 (Macintosh; Intel Mac OS X 10_15_6) AppleWebKit/537.36 (KHTML, like Gecko) Chrome/87.0.4280.101 Safari/537.36"
::1 - - [30/Dec/2020:05:23:27 +0000] "POST /submit HTTP/1.1" 404 1019 "http://localhost/wp-login.php" "Mozilla/5.0 (Macintosh; Intel Mac OS X 10_15_6) AppleWebKit/537.36 (KHTML, like Gecko) Chrome/87.0.4280.101 Safari/537.36"
::1 - - [30/Dec/2020:05:24:32 +0000] "POST /submit HTTP/1.1" 404 1011 "http://localhost/wp-login.php" "Mozilla/5.0 (Macintosh; Intel Mac OS X 10_15_6) AppleWebKit/537.36 (KHTML, like Gecko) Chrome/87.0.4280.101 Safari/537.36"
